[23:36:05] [ServerMain/INFO]: [bootstrap] Running Java 21 (OpenJDK 64-Bit Server VM 21.0.8+9-Ubuntu-0ubuntu124.04.1; Ubuntu null) on Linux 6.8.0-1030-azure (amd64)
[23:36:05] [ServerMain/INFO]: [bootstrap] Loading Paper 1.21.8-6-main@782ce95 (2025-07-18T20:26:58Z) for Minecraft 1.21.8
[23:36:06] [ServerMain/INFO]: [PluginInitializerManager] Initializing plugins...
[23:36:06] [ServerMain/INFO]: [PluginInitializerManager] Initialized 0 plugins
[23:36:07] [Paper Plugin Remapper Thread - 1/INFO]: [ReobfServer] Remapping server...
[23:36:24] [ServerMain/INFO]: Environment: Environment[sessionHost=https://sessionserver.mojang.com, servicesHost=https://api.minecraftservices.com, name=PROD]
[23:36:25] [ServerMain/INFO]: Found new data pack file/bukkit, loading it automatically
[23:36:25] [ServerMain/INFO]: Found new data pack paper, loading it automatically
[23:36:27] [ServerMain/INFO]: No existing world data, creating new world
[23:36:28] [Paper Plugin Remapper Thread - 1/INFO]: [ReobfServer] Done remapping server in 21032ms.
[23:36:30] [ServerMain/INFO]: Loaded 1407 recipes
[23:36:30] [ServerMain/INFO]: Loaded 1520 advancements
[23:36:30] [ServerMain/INFO]: [ca.spottedleaf.dataconverter.minecraft.datatypes.MCTypeRegistry] Initialising converters for DataConverter...
[23:36:31] [ServerMain/INFO]: [ca.spottedleaf.dataconverter.minecraft.datatypes.MCTypeRegistry] Finished initialising converters for DataConverter in 1,003.0ms
[23:36:31] [Server thread/INFO]: Starting minecraft server version 1.21.8
[23:36:31] [Server thread/INFO]: Loading properties
[23:36:31] [Server thread/INFO]: This server is running Paper version 1.21.8-6-main@782ce95 (2025-07-18T20:26:58Z) (Implementing API version 1.21.8-R0.1-SNAPSHOT)
[23:36:31] [Server thread/INFO]: [spark] This server bundles the spark profiler. For more information please visit https://docs.papermc.io/paper/profiling
[23:36:31] [Server thread/INFO]: Server Ping Player Sample Count: 12
[23:36:31] [Server thread/INFO]: Using 4 threads for Netty based IO
[23:36:33] [Server thread/INFO]: [MoonriseCommon] Paper is using 1 worker threads, 1 I/O threads
[23:36:33] [Server thread/INFO]: [ChunkTaskScheduler] Chunk system is using population gen parallelism: true
[23:36:34] [Server thread/INFO]: Default game type: SURVIVAL
[23:36:34] [Server thread/INFO]: Generating keypair
[23:36:34] [Server thread/INFO]: Starting Minecraft server on *:25565
[23:36:34] [Server thread/INFO]: Using epoll channel type
[23:36:34] [Server thread/INFO]: Paper: Using libdeflate (Linux x86_64) compression from Velocity.
[23:36:34] [Server thread/INFO]: Paper: Using OpenSSL 3.x.x (Linux x86_64) cipher from Velocity.
[23:36:34] [Server thread/WARN]: **** SERVER IS RUNNING IN OFFLINE/INSECURE MODE!
[23:36:34] [Server thread/WARN]: The server will make no attempt to authenticate usernames. Beware.
[23:36:34] [Server thread/WARN]: While this makes the game possible to play without internet access, it also opens up the ability for hackers to connect with any username they choose.
[23:36:34] [Server thread/WARN]: To change this, set "online-mode" to "true" in the server.properties file.
[23:36:34] [Server thread/INFO]: Preparing level "world"
[23:36:58] [Server thread/INFO]: Preparing start region for dimension minecraft:overworld
[23:36:58] [Server thread/INFO]: Preparing spawn area: 2%
[23:36:59] [Server thread/INFO]: Preparing spawn area: 2%
[23:36:59] [Server thread/INFO]: Preparing spawn area: 2%
[23:37:00] [Server thread/INFO]: Preparing spawn area: 2%
[23:37:00] [Server thread/INFO]: Preparing spawn area: 2%
[23:37:01] [Server thread/INFO]: Preparing spawn area: 2%
[23:37:01] [Server thread/INFO]: Preparing spawn area: 2%
[23:37:02] [Server thread/INFO]: Preparing spawn area: 2%
[23:37:02] [Server thread/INFO]: Preparing spawn area: 2%
[23:37:03] [Server thread/INFO]: Preparing spawn area: 4%
[23:37:03] [Server thread/INFO]: Preparing spawn area: 8%
[23:37:04] [Server thread/INFO]: Preparing spawn area: 18%
[23:37:04] [Server thread/INFO]: Preparing spawn area: 18%
[23:37:05] [Server thread/INFO]: Preparing spawn area: 18%
[23:37:05] [Server thread/INFO]: Preparing spawn area: 18%
[23:37:06] [Server thread/INFO]: Preparing spawn area: 18%
[23:37:06] [Server thread/INFO]: Preparing spawn area: 18%
[23:37:07] [Server thread/INFO]: Preparing spawn area: 30%
[23:37:07] [Server thread/INFO]: Preparing spawn area: 44%
[23:37:08] [Server thread/INFO]: Preparing spawn area: 51%
[23:37:08] [Server thread/INFO]: Preparing spawn area: 51%
[23:37:09] [Server thread/INFO]: Preparing spawn area: 51%
[23:37:09] [Server thread/INFO]: Preparing spawn area: 61%
[23:37:10] [Server thread/INFO]: Preparing spawn area: 61%
[23:37:10] [Server thread/INFO]: Preparing spawn area: 61%
[23:37:11] [Server thread/INFO]: Preparing spawn area: 65%
[23:37:11] [Server thread/INFO]: Preparing spawn area: 81%
[23:37:11] [Server thread/INFO]: Time elapsed: 13255 ms
[23:37:11] [Server thread/INFO]: Preparing start region for dimension minecraft:the_nether
[23:37:11] [Server thread/INFO]: Preparing spawn area: 2%
[23:37:12] [Server thread/INFO]: Preparing spawn area: 2%
[23:37:12] [Server thread/INFO]: Preparing spawn area: 2%
[23:37:13] [Server thread/INFO]: Preparing spawn area: 18%
[23:37:13] [Server thread/INFO]: Preparing spawn area: 18%
[23:37:14] [Server thread/INFO]: Preparing spawn area: 34%
[23:37:14] [Server thread/INFO]: Preparing spawn area: 51%
[23:37:15] [Server thread/INFO]: Preparing spawn area: 67%
[23:37:15] [Server thread/INFO]: Time elapsed: 3677 ms
[23:37:15] [Server thread/INFO]: Preparing start region for dimension minecraft:the_end
[23:37:15] [Server thread/INFO]: Preparing spawn area: 2%
[23:37:16] [Server thread/INFO]: Preparing spawn area: 18%
[23:37:16] [Server thread/INFO]: Preparing spawn area: 51%
[23:37:16] [Server thread/INFO]: Time elapsed: 1313 ms
[23:37:17] [Server thread/INFO]: [spark] Starting background profiler...
[23:37:17] [Server thread/INFO]: Done preparing level "world" (42.904s)
[23:37:17] [Server thread/INFO]: Running delayed init tasks
[23:37:17] [Server thread/INFO]: Done (73.909s)! For help, type "help"
[23:37:17] [Server thread/INFO]: *************************************************************************************
[23:37:17] [Server thread/INFO]: This is the first time you're starting this server.
[23:37:17] [Server thread/INFO]: It's recommended you read our 'Getting Started' documentation for guidance.
[23:37:17] [Server thread/INFO]: View this and more helpful information here: https://docs.papermc.io/paper/next-steps
[23:37:17] [Server thread/INFO]: *************************************************************************************
